<?xml version="1.0" encoding="UTF-8"?>
<testsuites name="BO - Smoke Test" time="97.367" tests="1" failures="0" errors="0">
   <testsuite name="BO - Smoke Test" tests="1" failures="0" errors="0" time="97.367" skipped="0" timestamp="2023-05-24 13:08:16" hostname="WIN10 - FINMX-L12" id="Test Suites/BO - Smoke Test">
      <properties>
         <property name="deviceName" value=""/>
         <property name="devicePlatform" value=""/>
         <property name="logFolder" value="C:\\Users\\WIN10\\Katalon Studio\\og-bo-testing\\Reports\\20230524_125736\\BO - Smoke Test\\20230524_130809"/>
         <property name="logFiles" value="C:\\Users\\WIN10\\Katalon Studio\\og-bo-testing\\Reports\\20230524_125736\\BO - Smoke Test\\20230524_130809\\execution0.log"/>
         <property name="attachments" value=""/>
         <property name="hostName" value="WIN10 - FINMX-L12"/>
         <property name="os" value="Windows 10 64bit"/>
         <property name="katalonVersion" value="8.5.5.208"/>
         <property name="browser" value="Chrome 113.0.0.0"/>
         <property name="hostAddress" value="192.168.0.25"/>
         <property name="sessionId" value="67f89439716f1f6a68ef140e5938bd40"/>
         <property name="seleniumVersion" value="3.141.59"/>
         <property name="proxyInformation" value="ProxyInformation { proxyOption=NO_PROXY, proxyServerType=HTTP, username=, password=********, proxyServerAddress=, proxyServerPort=0, executionList=&quot;&quot;, isApplyToDesiredCapabilities=true }"/>
         <property name="platform" value="Windows 10"/>
      </properties>
      <testcase name="Test Cases/III Test Case (View Payments)" time="96.976" classname="Test Cases/III Test Case (View Payments)" status="PASSED">
         <system-out><![CDATA[2023-05-24 13:08:17 - [TEST_CASE][PASSED] - Test Cases/III Test Case (View Payments): Test Cases/III Test Case (View Payments)

2023-05-24 13:08:17 - [TEST_STEP][PASSED] - openBrowser(""): Browser is opened with url: ''

2023-05-24 13:08:18 - [MESSAGE][INFO] - Starting 'Chrome' driver

2023-05-24 13:08:18 - [MESSAGE][INFO] - Action delay is set to 100 milliseconds

2023-05-24 13:08:20 - [MESSAGE][PASSED] - Browser is opened with url: ''

2023-05-24 13:08:20 - [TEST_STEP][PASSED] - navigateToUrl("https://ecommerce-test.softmetrixgroup.com/"): Navigate to 'https://ecommerce-test.softmetrixgroup.com/' successfully

2023-05-24 13:08:22 - [MESSAGE][PASSED] - Navigate to 'https://ecommerce-test.softmetrixgroup.com/' successfully

2023-05-24 13:08:22 - [TEST_STEP][PASSED] - deleteAllCookies(): Delete all cookies successfully

2023-05-24 13:08:22 - [MESSAGE][PASSED] - Delete all cookies successfully

2023-05-24 13:08:22 - [TEST_STEP][PASSED] - maximizeWindow(): Current window maximized

2023-05-24 13:08:22 - [MESSAGE][PASSED] - Current window maximized

2023-05-24 13:08:22 - [TEST_STEP][PASSED] - refresh(): Refresh successfully

2023-05-24 13:08:23 - [MESSAGE][PASSED] - Refresh successfully

2023-05-24 13:08:23 - [TEST_STEP][PASSED] - shopVersion = getText(findTestObject("Footer/shopVersion")): Text of object 'Object Repository/Footer/shopVersion' is: '(1.0.0.121)'

2023-05-24 13:08:26 - [MESSAGE][PASSED] - Text of object 'Object Repository/Footer/shopVersion' is: '(1.0.0.121)'

2023-05-24 13:08:26 - [TEST_STEP][PASSED] - println("Version of origin/test is: " + shopVersion): null

2023-05-24 13:08:26 - [TEST_STEP][PASSED] - click(findTestObject("Footer/divCountryLanguage")): Object: 'Object Repository/Footer/divCountryLanguage' is clicked on

2023-05-24 13:08:29 - [MESSAGE][PASSED] - Object: 'Object Repository/Footer/divCountryLanguage' is clicked on

2023-05-24 13:08:29 - [TEST_STEP][PASSED] - click(findTestObject("CountryLanguage/select_en-PT")): Object: 'Object Repository/CountryLanguage/select_en-PT' is clicked on

2023-05-24 13:08:30 - [MESSAGE][PASSED] - Object: 'Object Repository/CountryLanguage/select_en-PT' is clicked on

2023-05-24 13:08:30 - [TEST_STEP][PASSED] - click(findTestObject("Header/iconGuestProfile")): Object: 'Object Repository/Header/iconGuestProfile' is clicked on

2023-05-24 13:08:32 - [MESSAGE][PASSED] - Object: 'Object Repository/Header/iconGuestProfile' is clicked on

2023-05-24 13:08:32 - [TEST_STEP][PASSED] - setText(findTestObject("LoginPage/inputEmailLogin"), "smoketest@gmail.com"): Text 'smoketest@gmail.com' is set on object 'Object Repository/LoginPage/inputEmailLogin'

2023-05-24 13:08:34 - [MESSAGE][PASSED] - Text 'smoketest@gmail.com' is set on object 'Object Repository/LoginPage/inputEmailLogin'

2023-05-24 13:08:34 - [TEST_STEP][PASSED] - setText(findTestObject("LoginPage/inputPasswordLogin"), "SmokeTest123@"): Text 'SmokeTest123@' is set on object 'Object Repository/LoginPage/inputPasswordLogin'

2023-05-24 13:08:35 - [MESSAGE][PASSED] - Text 'SmokeTest123@' is set on object 'Object Repository/LoginPage/inputPasswordLogin'

2023-05-24 13:08:35 - [TEST_STEP][PASSED] - click(findTestObject("LoginPage/svgShowPasswordLogin")): Object: 'Object Repository/LoginPage/svgShowPasswordLogin' is clicked on

2023-05-24 13:08:35 - [MESSAGE][PASSED] - Object: 'Object Repository/LoginPage/svgShowPasswordLogin' is clicked on

2023-05-24 13:08:35 - [TEST_STEP][PASSED] - click(findTestObject("LoginPage/buttonSignIn")): Object: 'Object Repository/LoginPage/buttonSignIn' is clicked on

2023-05-24 13:08:36 - [MESSAGE][PASSED] - Object: 'Object Repository/LoginPage/buttonSignIn' is clicked on

2023-05-24 13:08:36 - [TEST_STEP][PASSED] - click(findTestObject("Header/iconUserProfile")): Object: 'Object Repository/Header/iconUserProfile' is clicked on

2023-05-24 13:08:39 - [MESSAGE][PASSED] - Object: 'Object Repository/Header/iconUserProfile' is clicked on

2023-05-24 13:08:39 - [TEST_STEP][PASSED] - click(findTestObject("Header/divAccountInformationBO")): Object: 'Object Repository/Header/divAccountInformationBO' is clicked on

2023-05-24 13:08:41 - [MESSAGE][PASSED] - Object: 'Object Repository/Header/divAccountInformationBO' is clicked on

2023-05-24 13:08:41 - [TEST_STEP][PASSED] - click(findTestObject("BackOffice/divViewPaymentsPage")): Object: 'Object Repository/BackOffice/divViewPaymentsPage' is clicked on

2023-05-24 13:08:42 - [MESSAGE][PASSED] - Object: 'Object Repository/BackOffice/divViewPaymentsPage' is clicked on

2023-05-24 13:08:42 - [TEST_STEP][PASSED] - click(findTestObject("Object Repository/BackOffice/ViewPayments/buttonAddNewPaymentMethod")): Object: 'Object Repository/BackOffice/ViewPayments/buttonAddNewPaymentMethod' is clicked on

2023-05-24 13:08:44 - [MESSAGE][PASSED] - Object: 'Object Repository/BackOffice/ViewPayments/buttonAddNewPaymentMethod' is clicked on

2023-05-24 13:08:44 - [TEST_STEP][PASSED] - click(findTestObject("Object Repository/BackOffice/ViewPayments/divFirstSelectPaymentMethod")): Object: 'Object Repository/BackOffice/ViewPayments/divFirstSelectPaymentMethod' is clicked on

2023-05-24 13:08:44 - [MESSAGE][PASSED] - Object: 'Object Repository/BackOffice/ViewPayments/divFirstSelectPaymentMethod' is clicked on

2023-05-24 13:08:44 - [TEST_STEP][PASSED] - click(findTestObject("Object Repository/BackOffice/ViewPayments/buttonContinue")): Object: 'Object Repository/BackOffice/ViewPayments/buttonContinue' is clicked on

2023-05-24 13:08:45 - [MESSAGE][PASSED] - Object: 'Object Repository/BackOffice/ViewPayments/buttonContinue' is clicked on

2023-05-24 13:08:45 - [TEST_STEP][PASSED] - delay(2): Delayed 2 second(s)

2023-05-24 13:08:47 - [MESSAGE][PASSED] - Delayed 2 second(s)

2023-05-24 13:08:47 - [TEST_STEP][PASSED] - setText(findTestObject("Object Repository/BackOffice/ViewPayments/inputCardHolder"), "CL-BRW2"): Text 'CL-BRW2' is set on object 'Object Repository/BackOffice/ViewPayments/inputCardHolder'

2023-05-24 13:08:48 - [MESSAGE][PASSED] - Text 'CL-BRW2' is set on object 'Object Repository/BackOffice/ViewPayments/inputCardHolder'

2023-05-24 13:08:48 - [TEST_STEP][PASSED] - delay(2): Delayed 2 second(s)

2023-05-24 13:08:50 - [MESSAGE][PASSED] - Delayed 2 second(s)

2023-05-24 13:08:50 - [TEST_STEP][PASSED] - click(findTestObject("Object Repository/BackOffice/ViewPayments/inputCardNumber"), STOP_ON_FAILURE): Object: 'Object Repository/BackOffice/ViewPayments/inputCardNumber' is clicked on

2023-05-24 13:08:50 - [MESSAGE][PASSED] - Object: 'Object Repository/BackOffice/ViewPayments/inputCardNumber' is clicked on

2023-05-24 13:08:50 - [TEST_STEP][PASSED] - delay(2): Delayed 2 second(s)

2023-05-24 13:08:52 - [MESSAGE][PASSED] - Delayed 2 second(s)

2023-05-24 13:08:52 - [TEST_STEP][PASSED] - setText(findTestObject("Object Repository/BackOffice/ViewPayments/inputCardNumber"), "1111-1111-1111-1111"): Text '1111-1111-1111-1111' is set on object 'Object Repository/BackOffice/ViewPayments/inputCardNumber'

2023-05-24 13:08:54 - [MESSAGE][PASSED] - Text '1111-1111-1111-1111' is set on object 'Object Repository/BackOffice/ViewPayments/inputCardNumber'

2023-05-24 13:08:54 - [TEST_STEP][PASSED] - delay(2): Delayed 2 second(s)

2023-05-24 13:08:56 - [MESSAGE][PASSED] - Delayed 2 second(s)

2023-05-24 13:08:56 - [TEST_STEP][PASSED] - click(findTestObject("Object Repository/BackOffice/ViewPayments/spanMonthDropdown")): Object: 'Object Repository/BackOffice/ViewPayments/spanMonthDropdown' is clicked on

2023-05-24 13:08:56 - [MESSAGE][PASSED] - Object: 'Object Repository/BackOffice/ViewPayments/spanMonthDropdown' is clicked on

2023-05-24 13:08:56 - [TEST_STEP][PASSED] - click(findTestObject("Object Repository/BackOffice/ViewPayments/li4SelectMonth")): Object: 'Object Repository/BackOffice/ViewPayments/li4SelectMonth' is clicked on

2023-05-24 13:08:57 - [MESSAGE][PASSED] - Object: 'Object Repository/BackOffice/ViewPayments/li4SelectMonth' is clicked on

2023-05-24 13:08:57 - [TEST_STEP][PASSED] - click(findTestObject("Object Repository/BackOffice/ViewPayments/spanYearDropdown")): Object: 'Object Repository/BackOffice/ViewPayments/spanYearDropdown' is clicked on

2023-05-24 13:08:58 - [MESSAGE][PASSED] - Object: 'Object Repository/BackOffice/ViewPayments/spanYearDropdown' is clicked on

2023-05-24 13:08:58 - [TEST_STEP][PASSED] - click(findTestObject("Object Repository/BackOffice/ViewPayments/li2027SelectYear")): Object: 'Object Repository/BackOffice/ViewPayments/li2027SelectYear' is clicked on

2023-05-24 13:08:58 - [MESSAGE][PASSED] - Object: 'Object Repository/BackOffice/ViewPayments/li2027SelectYear' is clicked on

2023-05-24 13:08:58 - [TEST_STEP][PASSED] - delay(2): Delayed 2 second(s)

2023-05-24 13:09:00 - [MESSAGE][PASSED] - Delayed 2 second(s)

2023-05-24 13:09:00 - [TEST_STEP][PASSED] - setText(findTestObject("Object Repository/BackOffice/ViewPayments/inputCVV"), "252"): Text '252' is set on object 'Object Repository/BackOffice/ViewPayments/inputCVV'

2023-05-24 13:09:01 - [MESSAGE][PASSED] - Text '252' is set on object 'Object Repository/BackOffice/ViewPayments/inputCVV'

2023-05-24 13:09:01 - [TEST_STEP][PASSED] - delay(2): Delayed 2 second(s)

2023-05-24 13:09:03 - [MESSAGE][PASSED] - Delayed 2 second(s)

2023-05-24 13:09:03 - [TEST_STEP][PASSED] - click(findTestObject("Object Repository/BackOffice/ViewPayments/spanAddressDropdown")): Object: 'Object Repository/BackOffice/ViewPayments/spanAddressDropdown' is clicked on

2023-05-24 13:09:06 - [MESSAGE][PASSED] - Object: 'Object Repository/BackOffice/ViewPayments/spanAddressDropdown' is clicked on

2023-05-24 13:09:06 - [TEST_STEP][PASSED] - click(findTestObject("Object Repository/BackOffice/ViewPayments/liFirstSelectAddress")): Object: 'Object Repository/BackOffice/ViewPayments/liFirstSelectAddress' is clicked on

2023-05-24 13:09:07 - [MESSAGE][PASSED] - Object: 'Object Repository/BackOffice/ViewPayments/liFirstSelectAddress' is clicked on

2023-05-24 13:09:07 - [TEST_STEP][PASSED] - click(findTestObject("Object Repository/BackOffice/ViewPayments/buttonSave")): Object: 'Object Repository/BackOffice/ViewPayments/buttonSave' is clicked on

2023-05-24 13:09:10 - [MESSAGE][PASSED] - Object: 'Object Repository/BackOffice/ViewPayments/buttonSave' is clicked on

2023-05-24 13:09:10 - [TEST_STEP][PASSED] - verifyElementVisible(findTestObject("BackOffice/ViewPayments/assertVisiblePaymentMethod")): Object 'Object Repository/BackOffice/ViewPayments/assertVisiblePaymentMethod' is visible

2023-05-24 13:09:24 - [MESSAGE][PASSED] - Object 'Object Repository/BackOffice/ViewPayments/assertVisiblePaymentMethod' is visible

2023-05-24 13:09:24 - [TEST_STEP][PASSED] - verifyElementVisible(findTestObject("BackOffice/ViewPayments/assertCardNumber")): Object 'Object Repository/BackOffice/ViewPayments/assertCardNumber' is visible

2023-05-24 13:09:24 - [MESSAGE][PASSED] - Object 'Object Repository/BackOffice/ViewPayments/assertCardNumber' is visible

2023-05-24 13:09:24 - [TEST_STEP][PASSED] - click(findTestObject("Object Repository/BackOffice/ViewPayments/span2EditMethod")): Object: 'Object Repository/BackOffice/ViewPayments/span2EditMethod' is clicked on

2023-05-24 13:09:25 - [MESSAGE][PASSED] - Object: 'Object Repository/BackOffice/ViewPayments/span2EditMethod' is clicked on

2023-05-24 13:09:25 - [TEST_STEP][PASSED] - delay(2): Delayed 2 second(s)

2023-05-24 13:09:27 - [MESSAGE][PASSED] - Delayed 2 second(s)

2023-05-24 13:09:27 - [TEST_STEP][PASSED] - click(findTestObject("BackOffice/ViewPayments/inputCardNumber")): Object: 'Object Repository/BackOffice/ViewPayments/inputCardNumber' is clicked on

2023-05-24 13:09:27 - [MESSAGE][PASSED] - Object: 'Object Repository/BackOffice/ViewPayments/inputCardNumber' is clicked on

2023-05-24 13:09:27 - [TEST_STEP][PASSED] - delay(2): Delayed 2 second(s)

2023-05-24 13:09:29 - [MESSAGE][PASSED] - Delayed 2 second(s)

2023-05-24 13:09:29 - [TEST_STEP][PASSED] - setText(findTestObject("Object Repository/BackOffice/ViewPayments/inputCardNumber"), "2222-2222-2222-2222"): Text '2222-2222-2222-2222' is set on object 'Object Repository/BackOffice/ViewPayments/inputCardNumber'

2023-05-24 13:09:31 - [MESSAGE][PASSED] - Text '2222-2222-2222-2222' is set on object 'Object Repository/BackOffice/ViewPayments/inputCardNumber'

2023-05-24 13:09:31 - [TEST_STEP][PASSED] - delay(2): Delayed 2 second(s)

2023-05-24 13:09:33 - [MESSAGE][PASSED] - Delayed 2 second(s)

2023-05-24 13:09:33 - [TEST_STEP][PASSED] - setText(findTestObject("Object Repository/BackOffice/ViewPayments/inputCardNumber"), "2222-2222-2222-2222"): Text '2222-2222-2222-2222' is set on object 'Object Repository/BackOffice/ViewPayments/inputCardNumber'

2023-05-24 13:09:34 - [MESSAGE][PASSED] - Text '2222-2222-2222-2222' is set on object 'Object Repository/BackOffice/ViewPayments/inputCardNumber'

2023-05-24 13:09:34 - [TEST_STEP][PASSED] - delay(2): Delayed 2 second(s)

2023-05-24 13:09:36 - [MESSAGE][PASSED] - Delayed 2 second(s)

2023-05-24 13:09:36 - [TEST_STEP][PASSED] - click(findTestObject("Object Repository/BackOffice/ViewPayments/spanMonthDropdown")): Object: 'Object Repository/BackOffice/ViewPayments/spanMonthDropdown' is clicked on

2023-05-24 13:09:37 - [MESSAGE][PASSED] - Object: 'Object Repository/BackOffice/ViewPayments/spanMonthDropdown' is clicked on

2023-05-24 13:09:37 - [TEST_STEP][PASSED] - click(findTestObject("Object Repository/BackOffice/ViewPayments/li5SelectMonth")): Object: 'Object Repository/BackOffice/ViewPayments/li5SelectMonth' is clicked on

2023-05-24 13:09:37 - [MESSAGE][PASSED] - Object: 'Object Repository/BackOffice/ViewPayments/li5SelectMonth' is clicked on

2023-05-24 13:09:37 - [TEST_STEP][PASSED] - click(findTestObject("Object Repository/BackOffice/ViewPayments/spanYearDropdown")): Object: 'Object Repository/BackOffice/ViewPayments/spanYearDropdown' is clicked on

2023-05-24 13:09:38 - [MESSAGE][PASSED] - Object: 'Object Repository/BackOffice/ViewPayments/spanYearDropdown' is clicked on

2023-05-24 13:09:38 - [TEST_STEP][PASSED] - click(findTestObject("Object Repository/BackOffice/ViewPayments/li2026SelectYear")): Object: 'Object Repository/BackOffice/ViewPayments/li2026SelectYear' is clicked on

2023-05-24 13:09:39 - [MESSAGE][PASSED] - Object: 'Object Repository/BackOffice/ViewPayments/li2026SelectYear' is clicked on

2023-05-24 13:09:39 - [TEST_STEP][PASSED] - delay(2): Delayed 2 second(s)

2023-05-24 13:09:41 - [MESSAGE][PASSED] - Delayed 2 second(s)

2023-05-24 13:09:41 - [TEST_STEP][PASSED] - click(findTestObject("BackOffice/ViewPayments/inputCVV")): Object: 'Object Repository/BackOffice/ViewPayments/inputCVV' is clicked on

2023-05-24 13:09:41 - [MESSAGE][PASSED] - Object: 'Object Repository/BackOffice/ViewPayments/inputCVV' is clicked on

2023-05-24 13:09:41 - [TEST_STEP][PASSED] - setText(findTestObject("Object Repository/BackOffice/ViewPayments/inputCVV"), "242"): Text '242' is set on object 'Object Repository/BackOffice/ViewPayments/inputCVV'

2023-05-24 13:09:42 - [MESSAGE][PASSED] - Text '242' is set on object 'Object Repository/BackOffice/ViewPayments/inputCVV'

2023-05-24 13:09:42 - [TEST_STEP][PASSED] - delay(2): Delayed 2 second(s)

2023-05-24 13:09:44 - [MESSAGE][PASSED] - Delayed 2 second(s)

2023-05-24 13:09:44 - [TEST_STEP][PASSED] - setText(findTestObject("Object Repository/BackOffice/ViewPayments/inputCVV"), "242"): Text '242' is set on object 'Object Repository/BackOffice/ViewPayments/inputCVV'

2023-05-24 13:09:45 - [MESSAGE][PASSED] - Text '242' is set on object 'Object Repository/BackOffice/ViewPayments/inputCVV'

2023-05-24 13:09:45 - [TEST_STEP][PASSED] - click(findTestObject("Object Repository/BackOffice/ViewPayments/spanAddressDropdown")): Object: 'Object Repository/BackOffice/ViewPayments/spanAddressDropdown' is clicked on

2023-05-24 13:09:45 - [MESSAGE][PASSED] - Object: 'Object Repository/BackOffice/ViewPayments/spanAddressDropdown' is clicked on

2023-05-24 13:09:45 - [TEST_STEP][PASSED] - click(findTestObject("Object Repository/BackOffice/ViewPayments/liFirstSelectAddress")): Object: 'Object Repository/BackOffice/ViewPayments/liFirstSelectAddress' is clicked on

2023-05-24 13:09:46 - [MESSAGE][PASSED] - Object: 'Object Repository/BackOffice/ViewPayments/liFirstSelectAddress' is clicked on

2023-05-24 13:09:46 - [TEST_STEP][PASSED] - click(findTestObject("Object Repository/BackOffice/ViewPayments/buttonSave")): Object: 'Object Repository/BackOffice/ViewPayments/buttonSave' is clicked on

2023-05-24 13:09:47 - [MESSAGE][PASSED] - Object: 'Object Repository/BackOffice/ViewPayments/buttonSave' is clicked on

2023-05-24 13:09:47 - [TEST_STEP][PASSED] - verifyElementVisible(findTestObject("BackOffice/ViewPayments/assertNewCardNumber")): Object 'Object Repository/BackOffice/ViewPayments/assertNewCardNumber' is visible

2023-05-24 13:09:49 - [MESSAGE][PASSED] - Object 'Object Repository/BackOffice/ViewPayments/assertNewCardNumber' is visible

2023-05-24 13:09:49 - [TEST_STEP][PASSED] - click(findTestObject("Object Repository/BackOffice/ViewPayments/button2Remove")): Object: 'Object Repository/BackOffice/ViewPayments/button2Remove' is clicked on

2023-05-24 13:09:49 - [MESSAGE][PASSED] - Object: 'Object Repository/BackOffice/ViewPayments/button2Remove' is clicked on

2023-05-24 13:09:49 - [TEST_STEP][PASSED] - click(findTestObject("Object Repository/BackOffice/ViewPayments/buttonAcceptDeleteMethod")): Object: 'Object Repository/BackOffice/ViewPayments/buttonAcceptDeleteMethod' is clicked on

2023-05-24 13:09:50 - [MESSAGE][PASSED] - Object: 'Object Repository/BackOffice/ViewPayments/buttonAcceptDeleteMethod' is clicked on

2023-05-24 13:09:50 - [TEST_STEP][PASSED] - verifyElementNotPresent(findTestObject("BackOffice/ViewPayments/assertVisiblePaymentMethod"), 2): Web element with id: 'Object Repository/BackOffice/ViewPayments/assertVisiblePaymentMethod' located by 'By.xpath: (//div[@class = 'viewPaymentRow'])[2]' is not present after '2' second(s)

2023-05-24 13:09:51 - [MESSAGE][PASSED] - Web element with id: 'Object Repository/BackOffice/ViewPayments/assertVisiblePaymentMethod' located by 'By.xpath: (//div[@class = 'viewPaymentRow'])[2]' is not present after '2' second(s)

2023-05-24 13:09:51 - [TEST_STEP][PASSED] - Start listener action : terminateRunningWebDrivers: null

2023-05-24 13:09:51 - [TEST_STEP][PASSED] - cleanup(): null

2023-05-24 13:09:54 - [TEST_STEP][PASSED] - Video: Video recording for test case 'Test Cases/III Test Case (View Payments)' .

2023-05-24 13:09:54 - [MESSAGE][INFO] - Video recording for test case 'Test Cases/III Test Case (View Payments)' .]]></system-out>
         <system-err><![CDATA[]]></system-err>
      </testcase>
      <system-out><![CDATA[2023-05-24 13:08:16 - [TEST_SUITE][PASSED] - BO - Smoke Test: Test Cases/III Test Case (View Payments)]]></system-out>
      <system-err><![CDATA[]]></system-err>
   </testsuite>
</testsuites>
