<?xml version="1.0" encoding="UTF-8"?>
<testsuites name="BO - Smoke Test" time="120.094" tests="1" failures="0" errors="0">
   <testsuite name="BO - Smoke Test" tests="1" failures="0" errors="0" time="120.094" skipped="0" timestamp="2023-05-16 12:49:40" hostname="WIN10 - FINMX-L12" id="Test Suites/BO - Smoke Test">
      <properties>
         <property name="deviceName" value=""/>
         <property name="devicePlatform" value=""/>
         <property name="logFolder" value="C:\\Users\\WIN10\\Katalon Studio\\og-bo-testing\\Reports\\20230516_124100\\BO - Smoke Test\\20230516_124934"/>
         <property name="logFiles" value="C:\\Users\\WIN10\\Katalon Studio\\og-bo-testing\\Reports\\20230516_124100\\BO - Smoke Test\\20230516_124934\\execution0.log"/>
         <property name="attachments" value=""/>
         <property name="hostName" value="WIN10 - FINMX-L12"/>
         <property name="os" value="Windows 10 64bit"/>
         <property name="katalonVersion" value="8.5.5.208"/>
         <property name="browser" value="Chrome 113.0.0.0"/>
         <property name="hostAddress" value="192.168.0.32"/>
         <property name="sessionId" value="13848924ab4252790fcc4ecbd7bd4fbf"/>
         <property name="seleniumVersion" value="3.141.59"/>
         <property name="proxyInformation" value="ProxyInformation { proxyOption=NO_PROXY, proxyServerType=HTTP, username=, password=********, proxyServerAddress=, proxyServerPort=0, executionList=&quot;&quot;, isApplyToDesiredCapabilities=true }"/>
         <property name="platform" value="Windows 10"/>
      </properties>
      <testcase name="Test Cases/II Test Case (View My Orders)" time="119.783" classname="Test Cases/II Test Case (View My Orders)" status="PASSED">
         <system-out><![CDATA[2023-05-16 12:49:41 - [TEST_CASE][PASSED] - Test Cases/II Test Case (View My Orders): Test Cases/II Test Case (View My Orders)

2023-05-16 12:49:41 - [TEST_STEP][PASSED] - openBrowser(""): Browser is opened with url: ''

2023-05-16 12:49:42 - [MESSAGE][INFO] - Starting 'Chrome' driver

2023-05-16 12:49:42 - [MESSAGE][INFO] - Action delay is set to 100 milliseconds

2023-05-16 12:49:44 - [MESSAGE][PASSED] - Browser is opened with url: ''

2023-05-16 12:49:44 - [TEST_STEP][PASSED] - navigateToUrl("https://ecommerce-test.softmetrixgroup.com/"): Navigate to 'https://ecommerce-test.softmetrixgroup.com/' successfully

2023-05-16 12:49:46 - [MESSAGE][PASSED] - Navigate to 'https://ecommerce-test.softmetrixgroup.com/' successfully

2023-05-16 12:49:46 - [TEST_STEP][PASSED] - deleteAllCookies(): Delete all cookies successfully

2023-05-16 12:49:46 - [MESSAGE][PASSED] - Delete all cookies successfully

2023-05-16 12:49:46 - [TEST_STEP][PASSED] - maximizeWindow(): Current window maximized

2023-05-16 12:49:46 - [MESSAGE][PASSED] - Current window maximized

2023-05-16 12:49:46 - [TEST_STEP][PASSED] - refresh(): Refresh successfully

2023-05-16 12:49:47 - [MESSAGE][PASSED] - Refresh successfully

2023-05-16 12:49:47 - [TEST_STEP][PASSED] - shopVersion = getText(findTestObject("Footer/shopVersion")): Text of object 'Object Repository/Footer/shopVersion' is: '(1.0.0.110)'

2023-05-16 12:49:51 - [MESSAGE][PASSED] - Text of object 'Object Repository/Footer/shopVersion' is: '(1.0.0.110)'

2023-05-16 12:49:51 - [TEST_STEP][PASSED] - println("Version of origin/test is: " + shopVersion): null

2023-05-16 12:49:51 - [TEST_STEP][PASSED] - click(findTestObject("Footer/divCountryLanguage")): Object: 'Object Repository/Footer/divCountryLanguage' is clicked on

2023-05-16 12:49:53 - [MESSAGE][PASSED] - Object: 'Object Repository/Footer/divCountryLanguage' is clicked on

2023-05-16 12:49:53 - [TEST_STEP][PASSED] - click(findTestObject("CountryLanguage/select_en-PT")): Object: 'Object Repository/CountryLanguage/select_en-PT' is clicked on

2023-05-16 12:49:55 - [MESSAGE][PASSED] - Object: 'Object Repository/CountryLanguage/select_en-PT' is clicked on

2023-05-16 12:49:55 - [TEST_STEP][PASSED] - click(findTestObject("Header/iconGuestProfile")): Object: 'Object Repository/Header/iconGuestProfile' is clicked on

2023-05-16 12:49:56 - [MESSAGE][PASSED] - Object: 'Object Repository/Header/iconGuestProfile' is clicked on

2023-05-16 12:49:56 - [TEST_STEP][PASSED] - setText(findTestObject("LoginPage/inputEmailLogin"), "smoketest@gmail.com"): Text 'smoketest@gmail.com' is set on object 'Object Repository/LoginPage/inputEmailLogin'

2023-05-16 12:49:58 - [MESSAGE][PASSED] - Text 'smoketest@gmail.com' is set on object 'Object Repository/LoginPage/inputEmailLogin'

2023-05-16 12:49:58 - [TEST_STEP][PASSED] - setText(findTestObject("LoginPage/inputPasswordLogin"), "SmokeTest123@"): Text 'SmokeTest123@' is set on object 'Object Repository/LoginPage/inputPasswordLogin'

2023-05-16 12:49:59 - [MESSAGE][PASSED] - Text 'SmokeTest123@' is set on object 'Object Repository/LoginPage/inputPasswordLogin'

2023-05-16 12:49:59 - [TEST_STEP][PASSED] - click(findTestObject("LoginPage/svgShowPasswordLogin")): Object: 'Object Repository/LoginPage/svgShowPasswordLogin' is clicked on

2023-05-16 12:50:00 - [MESSAGE][PASSED] - Object: 'Object Repository/LoginPage/svgShowPasswordLogin' is clicked on

2023-05-16 12:50:00 - [TEST_STEP][PASSED] - click(findTestObject("LoginPage/buttonSignIn")): Object: 'Object Repository/LoginPage/buttonSignIn' is clicked on

2023-05-16 12:50:00 - [MESSAGE][PASSED] - Object: 'Object Repository/LoginPage/buttonSignIn' is clicked on

2023-05-16 12:50:00 - [TEST_STEP][PASSED] - click(findTestObject("Header/iconUserProfile")): Object: 'Object Repository/Header/iconUserProfile' is clicked on

2023-05-16 12:50:05 - [MESSAGE][PASSED] - Object: 'Object Repository/Header/iconUserProfile' is clicked on

2023-05-16 12:50:05 - [TEST_STEP][PASSED] - click(findTestObject("Header/divAccountInformationBO")): Object: 'Object Repository/Header/divAccountInformationBO' is clicked on

2023-05-16 12:50:06 - [MESSAGE][PASSED] - Object: 'Object Repository/Header/divAccountInformationBO' is clicked on

2023-05-16 12:50:06 - [TEST_STEP][PASSED] - click(findTestObject("BackOffice/divViewMyOrdersPage")): Object: 'Object Repository/BackOffice/divViewMyOrdersPage' is clicked on

2023-05-16 12:50:07 - [MESSAGE][PASSED] - Object: 'Object Repository/BackOffice/divViewMyOrdersPage' is clicked on

2023-05-16 12:50:07 - [TEST_STEP][PASSED] - click(findTestObject("BackOffice/ViewMyOrders/svg1ViewDetailOrder")): Object: 'Object Repository/BackOffice/ViewMyOrders/svg1ViewDetailOrder' is clicked on

2023-05-16 12:50:09 - [MESSAGE][PASSED] - Object: 'Object Repository/BackOffice/ViewMyOrders/svg1ViewDetailOrder' is clicked on

2023-05-16 12:50:09 - [TEST_STEP][PASSED] - delay(3): Delayed 3 second(s)

2023-05-16 12:50:12 - [MESSAGE][PASSED] - Delayed 3 second(s)

2023-05-16 12:50:12 - [TEST_STEP][PASSED] - verifyElementVisible(findTestObject("BackOffice/ViewMyOrders/assertViewOrder")): Object 'Object Repository/BackOffice/ViewMyOrders/assertViewOrder' is visible

2023-05-16 12:50:13 - [MESSAGE][PASSED] - Object 'Object Repository/BackOffice/ViewMyOrders/assertViewOrder' is visible

2023-05-16 12:50:13 - [TEST_STEP][PASSED] - click(findTestObject("BackOffice/ViewMyOrders/buttonGoBackDetailOrder")): Object: 'Object Repository/BackOffice/ViewMyOrders/buttonGoBackDetailOrder' is clicked on

2023-05-16 12:50:13 - [MESSAGE][PASSED] - Object: 'Object Repository/BackOffice/ViewMyOrders/buttonGoBackDetailOrder' is clicked on

2023-05-16 12:50:13 - [TEST_STEP][PASSED] - invoice_number = executeJavaScript("return JSON.parse(JSON.parse(localStorage.getItem('persist:og')).orderHistory).orders.content[0].invoice_number;", null): Execute JavaScript 'return JSON.parse(JSON.parse(localStorage.getItem('persist:og')).orderHistory).orders.content[0].invoice_number;' successfully

2023-05-16 12:50:13 - [MESSAGE][PASSED] - Execute JavaScript 'return JSON.parse(JSON.parse(localStorage.getItem('persist:og')).orderHistory).orders.content[0].invoice_number;' successfully

2023-05-16 12:50:13 - [TEST_STEP][PASSED] - println(invoice_number): null

2023-05-16 12:50:13 - [TEST_STEP][PASSED] - click(findTestObject("BackOffice/ViewMyOrders/button1RepeatOrder")): Object: 'Object Repository/BackOffice/ViewMyOrders/button1RepeatOrder' is clicked on

2023-05-16 12:50:14 - [MESSAGE][PASSED] - Object: 'Object Repository/BackOffice/ViewMyOrders/button1RepeatOrder' is clicked on

2023-05-16 12:50:14 - [TEST_STEP][PASSED] - click(findTestObject("BackOffice/ViewMyOrders/RepeatOrder/iconUpQuantity")): Object: 'Object Repository/BackOffice/ViewMyOrders/RepeatOrder/iconUpQuantity' is clicked on

2023-05-16 12:50:16 - [MESSAGE][PASSED] - Object: 'Object Repository/BackOffice/ViewMyOrders/RepeatOrder/iconUpQuantity' is clicked on

2023-05-16 12:50:16 - [TEST_STEP][PASSED] - click(findTestObject("BackOffice/ViewMyOrders/RepeatOrder/buttonCheckout")): Object: 'Object Repository/BackOffice/ViewMyOrders/RepeatOrder/buttonCheckout' is clicked on

2023-05-16 12:50:17 - [MESSAGE][PASSED] - Object: 'Object Repository/BackOffice/ViewMyOrders/RepeatOrder/buttonCheckout' is clicked on

2023-05-16 12:50:17 - [TEST_STEP][PASSED] - click(findTestObject("BackOffice/ViewMyOrders/RepeatOrder/buttonCheckout")): Object: 'Object Repository/BackOffice/ViewMyOrders/RepeatOrder/buttonCheckout' is clicked on

2023-05-16 12:50:20 - [MESSAGE][PASSED] - Object: 'Object Repository/BackOffice/ViewMyOrders/RepeatOrder/buttonCheckout' is clicked on

2023-05-16 12:50:20 - [TEST_STEP][PASSED] - delay(5): Delayed 5 second(s)

2023-05-16 12:50:25 - [MESSAGE][PASSED] - Delayed 5 second(s)

2023-05-16 12:50:25 - [TEST_STEP][PASSED] - urlCheckout = getUrl(): Current window's url is: 'https://ecommerce-test.softmetrixgroup.com/en-ZA/backoffice/view-orders/'

2023-05-16 12:50:25 - [MESSAGE][PASSED] - Current window's url is: 'https://ecommerce-test.softmetrixgroup.com/en-ZA/backoffice/view-orders/'

2023-05-16 12:50:25 - [TEST_STEP][PASSED] - println(urlCheckout): null

2023-05-16 12:50:25 - [TEST_STEP][PASSED] - if (urlCheckout.contains("checkout")): null

2023-05-16 12:50:25 - [TEST_STEP][PASSED] - else: Delayed 3 second(s)

2023-05-16 12:50:25 - [TEST_STEP][PASSED] - println("Checkout page is not opened"): null

2023-05-16 12:50:25 - [TEST_STEP][PASSED] - delay(3): Delayed 3 second(s)

2023-05-16 12:50:28 - [MESSAGE][PASSED] - Delayed 3 second(s)

2023-05-16 12:50:28 - [TEST_STEP][PASSED] - click(findTestObject("BackOffice/ViewMyOrders/button1RepeatOrder")): Object: 'Object Repository/BackOffice/ViewMyOrders/button1RepeatOrder' is clicked on

2023-05-16 12:50:28 - [MESSAGE][PASSED] - Object: 'Object Repository/BackOffice/ViewMyOrders/button1RepeatOrder' is clicked on

2023-05-16 12:50:28 - [TEST_STEP][PASSED] - click(findTestObject("BackOffice/ViewMyOrders/RepeatOrder/iconUpQuantity")): Object: 'Object Repository/BackOffice/ViewMyOrders/RepeatOrder/iconUpQuantity' is clicked on

2023-05-16 12:50:31 - [MESSAGE][PASSED] - Object: 'Object Repository/BackOffice/ViewMyOrders/RepeatOrder/iconUpQuantity' is clicked on

2023-05-16 12:50:31 - [TEST_STEP][PASSED] - click(findTestObject("BackOffice/ViewMyOrders/RepeatOrder/buttonCheckout")): Object: 'Object Repository/BackOffice/ViewMyOrders/RepeatOrder/buttonCheckout' is clicked on

2023-05-16 12:50:31 - [MESSAGE][PASSED] - Object: 'Object Repository/BackOffice/ViewMyOrders/RepeatOrder/buttonCheckout' is clicked on

2023-05-16 12:50:31 - [TEST_STEP][PASSED] - click(findTestObject("BackOffice/ViewMyOrders/RepeatOrder/buttonCheckout")): Object: 'Object Repository/BackOffice/ViewMyOrders/RepeatOrder/buttonCheckout' is clicked on

2023-05-16 12:50:34 - [MESSAGE][PASSED] - Object: 'Object Repository/BackOffice/ViewMyOrders/RepeatOrder/buttonCheckout' is clicked on

2023-05-16 12:50:34 - [TEST_STEP][PASSED] - delay(3): Delayed 3 second(s)

2023-05-16 12:50:37 - [MESSAGE][PASSED] - Delayed 3 second(s)

2023-05-16 12:50:37 - [TEST_STEP][PASSED] - if (invoice_number.contains("US")): null

2023-05-16 12:50:37 - [TEST_STEP][PASSED] - else if (invoice_number.contains("AU")): null

2023-05-16 12:50:37 - [TEST_STEP][PASSED] - else if (invoice_number.contains("ZA")): Delayed 15 second(s)

2023-05-16 12:50:37 - [TEST_STEP][PASSED] - setText(findTestObject("Object Repository/CheckoutPage/Contact Information/inputPhoneNumberContact"), "633423534"): Text '633423534' is set on object 'Object Repository/CheckoutPage/Contact Information/inputPhoneNumberContact'

2023-05-16 12:50:38 - [MESSAGE][PASSED] - Text '633423534' is set on object 'Object Repository/CheckoutPage/Contact Information/inputPhoneNumberContact'

2023-05-16 12:50:38 - [TEST_STEP][PASSED] - setText(findTestObject("CheckoutPage/Shipping Addres/Shipping/inputShippingFirstName"), "smoke"): Text 'smoke' is set on object 'Object Repository/CheckoutPage/Shipping Addres/Shipping/inputShippingFirstName'

2023-05-16 12:50:39 - [MESSAGE][PASSED] - Text 'smoke' is set on object 'Object Repository/CheckoutPage/Shipping Addres/Shipping/inputShippingFirstName'

2023-05-16 12:50:39 - [TEST_STEP][PASSED] - setText(findTestObject("CheckoutPage/Shipping Addres/Shipping/inputShippingLastName"), "test"): Text 'test' is set on object 'Object Repository/CheckoutPage/Shipping Addres/Shipping/inputShippingLastName'

2023-05-16 12:50:40 - [MESSAGE][PASSED] - Text 'test' is set on object 'Object Repository/CheckoutPage/Shipping Addres/Shipping/inputShippingLastName'

2023-05-16 12:50:40 - [TEST_STEP][PASSED] - clearText(findTestObject("CheckoutPage/Shipping Addres/Shipping/inputPhoneNumberShipping"), STOP_ON_FAILURE): Text of object 'Object Repository/CheckoutPage/Shipping Addres/Shipping/inputPhoneNumberShipping' is cleared

2023-05-16 12:50:40 - [MESSAGE][PASSED] - Text of object 'Object Repository/CheckoutPage/Shipping Addres/Shipping/inputPhoneNumberShipping' is cleared

2023-05-16 12:50:40 - [TEST_STEP][PASSED] - setText(findTestObject("CheckoutPage/Shipping Addres/Shipping/inputPhoneNumberShipping"), "33423534"): Text '33423534' is set on object 'Object Repository/CheckoutPage/Shipping Addres/Shipping/inputPhoneNumberShipping'

2023-05-16 12:50:41 - [MESSAGE][PASSED] - Text '33423534' is set on object 'Object Repository/CheckoutPage/Shipping Addres/Shipping/inputPhoneNumberShipping'

2023-05-16 12:50:41 - [TEST_STEP][PASSED] - setText(findTestObject("CheckoutPage/Shipping Addres/Shipping/inputShippingAddress"), "3240 Arville St"): Text '3240 Arville St' is set on object 'Object Repository/CheckoutPage/Shipping Addres/Shipping/inputShippingAddress'

2023-05-16 12:50:42 - [MESSAGE][PASSED] - Text '3240 Arville St' is set on object 'Object Repository/CheckoutPage/Shipping Addres/Shipping/inputShippingAddress'

2023-05-16 12:50:42 - [TEST_STEP][PASSED] - setText(findTestObject("CheckoutPage/Shipping Addres/Shipping/inputShippingApartment"), "apartment test 1"): Text 'apartment test 1' is set on object 'Object Repository/CheckoutPage/Shipping Addres/Shipping/inputShippingApartment'

2023-05-16 12:50:43 - [MESSAGE][PASSED] - Text 'apartment test 1' is set on object 'Object Repository/CheckoutPage/Shipping Addres/Shipping/inputShippingApartment'

2023-05-16 12:50:43 - [TEST_STEP][PASSED] - click(findTestObject("CheckoutPage/Shipping Addres/Shipping/divStateDropdown")): Object: 'Object Repository/CheckoutPage/Shipping Addres/Shipping/divStateDropdown' is clicked on

2023-05-16 12:50:46 - [MESSAGE][PASSED] - Object: 'Object Repository/CheckoutPage/Shipping Addres/Shipping/divStateDropdown' is clicked on

2023-05-16 12:50:46 - [TEST_STEP][PASSED] - click(findTestObject("CheckoutPage/Shipping Addres/Shipping/div2SelectState")): Object: 'Object Repository/CheckoutPage/Shipping Addres/Shipping/div2SelectState' is clicked on

2023-05-16 12:50:47 - [MESSAGE][PASSED] - Object: 'Object Repository/CheckoutPage/Shipping Addres/Shipping/div2SelectState' is clicked on

2023-05-16 12:50:47 - [TEST_STEP][PASSED] - setText(findTestObject("CheckoutPage/Shipping Addres/Shipping/inputCity"), "Pretoria"): Text 'Pretoria' is set on object 'Object Repository/CheckoutPage/Shipping Addres/Shipping/inputCity'

2023-05-16 12:50:48 - [MESSAGE][PASSED] - Text 'Pretoria' is set on object 'Object Repository/CheckoutPage/Shipping Addres/Shipping/inputCity'

2023-05-16 12:50:48 - [TEST_STEP][PASSED] - setText(findTestObject("CheckoutPage/Shipping Addres/Shipping/inputShippingPostalCode"), "0002"): Text '0002' is set on object 'Object Repository/CheckoutPage/Shipping Addres/Shipping/inputShippingPostalCode'

2023-05-16 12:50:49 - [MESSAGE][PASSED] - Text '0002' is set on object 'Object Repository/CheckoutPage/Shipping Addres/Shipping/inputShippingPostalCode'

2023-05-16 12:50:49 - [TEST_STEP][PASSED] - click(findTestObject("CheckoutPage/Shipping Addres/buttonContinueToPayment")): Object: 'Object Repository/CheckoutPage/Shipping Addres/buttonContinueToPayment' is clicked on

2023-05-16 12:50:52 - [MESSAGE][PASSED] - Object: 'Object Repository/CheckoutPage/Shipping Addres/buttonContinueToPayment' is clicked on

2023-05-16 12:50:52 - [TEST_STEP][PASSED] - click(findTestObject("CheckoutPage/divCreditCardMethod")): Object: 'Object Repository/CheckoutPage/divCreditCardMethod' is clicked on

2023-05-16 12:50:55 - [MESSAGE][PASSED] - Object: 'Object Repository/CheckoutPage/divCreditCardMethod' is clicked on

2023-05-16 12:50:55 - [TEST_STEP][PASSED] - delay(2): Delayed 2 second(s)

2023-05-16 12:50:57 - [MESSAGE][PASSED] - Delayed 2 second(s)

2023-05-16 12:50:57 - [TEST_STEP][PASSED] - setText(findTestObject("CheckoutPage/Payment Methods/inputCardNumber"), "4000000000000002"): Text '4000000000000002' is set on object 'Object Repository/CheckoutPage/Payment Methods/inputCardNumber'

2023-05-16 12:50:58 - [MESSAGE][PASSED] - Text '4000000000000002' is set on object 'Object Repository/CheckoutPage/Payment Methods/inputCardNumber'

2023-05-16 12:50:58 - [TEST_STEP][PASSED] - delay(2): Delayed 2 second(s)

2023-05-16 12:51:00 - [MESSAGE][PASSED] - Delayed 2 second(s)

2023-05-16 12:51:00 - [TEST_STEP][PASSED] - setText(findTestObject("CheckoutPage/Payment Methods/inputCardHolder"), "CL-BRW2"): Text 'CL-BRW2' is set on object 'Object Repository/CheckoutPage/Payment Methods/inputCardHolder'

2023-05-16 12:51:01 - [MESSAGE][PASSED] - Text 'CL-BRW2' is set on object 'Object Repository/CheckoutPage/Payment Methods/inputCardHolder'

2023-05-16 12:51:01 - [TEST_STEP][PASSED] - delay(2): Delayed 2 second(s)

2023-05-16 12:51:03 - [MESSAGE][PASSED] - Delayed 2 second(s)

2023-05-16 12:51:03 - [TEST_STEP][PASSED] - setText(findTestObject("CheckoutPage/Payment Methods/inputCardExpire"), "02/25"): Text '02/25' is set on object 'Object Repository/CheckoutPage/Payment Methods/inputCardExpire'

2023-05-16 12:51:04 - [MESSAGE][PASSED] - Text '02/25' is set on object 'Object Repository/CheckoutPage/Payment Methods/inputCardExpire'

2023-05-16 12:51:04 - [TEST_STEP][PASSED] - delay(2): Delayed 2 second(s)

2023-05-16 12:51:06 - [MESSAGE][PASSED] - Delayed 2 second(s)

2023-05-16 12:51:06 - [TEST_STEP][PASSED] - setText(findTestObject("CheckoutPage/Payment Methods/inputCvv"), "657"): Text '657' is set on object 'Object Repository/CheckoutPage/Payment Methods/inputCvv'

2023-05-16 12:51:07 - [MESSAGE][PASSED] - Text '657' is set on object 'Object Repository/CheckoutPage/Payment Methods/inputCvv'

2023-05-16 12:51:07 - [TEST_STEP][PASSED] - click(findTestObject("CheckoutPage/buttonPayNow")): Object: 'Object Repository/CheckoutPage/buttonPayNow' is clicked on

2023-05-16 12:51:10 - [MESSAGE][PASSED] - Object: 'Object Repository/CheckoutPage/buttonPayNow' is clicked on

2023-05-16 12:51:10 - [TEST_STEP][PASSED] - delay(15): Delayed 15 second(s)

2023-05-16 12:51:25 - [MESSAGE][PASSED] - Delayed 15 second(s)

2023-05-16 12:51:25 - [TEST_STEP][PASSED] - script = null: null

2023-05-16 12:51:25 - [TEST_STEP][PASSED] - try: Execute JavaScript 'return JSON.parse(JSON.parse(localStorage.getItem('persist:og')).checkout).paymentResponse.status_code;' successfully

2023-05-16 12:51:25 - [TEST_STEP][PASSED] - script = executeJavaScript("return JSON.parse(JSON.parse(localStorage.getItem('persist:og')).checkout).paymentResponse.status_code;", null): Execute JavaScript 'return JSON.parse(JSON.parse(localStorage.getItem('persist:og')).checkout).paymentResponse.status_code;' successfully

2023-05-16 12:51:25 - [MESSAGE][PASSED] - Execute JavaScript 'return JSON.parse(JSON.parse(localStorage.getItem('persist:og')).checkout).paymentResponse.status_code;' successfully

2023-05-16 12:51:25 - [TEST_STEP][PASSED] - if (script == null || script.equals("")): null

2023-05-16 12:51:25 - [TEST_STEP][PASSED] - statusCode = Integer.parseInt(script): null

2023-05-16 12:51:25 - [TEST_STEP][PASSED] - if (statusCode == 0): null

2023-05-16 12:51:25 - [TEST_STEP][PASSED] - else: Object 'Object Repository/Header/iconUserProfile' is visible

2023-05-16 12:51:25 - [TEST_STEP][PASSED] - println("Script: " + script): null

2023-05-16 12:51:25 - [TEST_STEP][PASSED] - verifyElementVisible(findTestObject("Header/iconUserProfile")): Object 'Object Repository/Header/iconUserProfile' is visible

2023-05-16 12:51:25 - [MESSAGE][PASSED] - Object 'Object Repository/Header/iconUserProfile' is visible

2023-05-16 12:51:25 - [TEST_STEP][PASSED] - orderScriptFP = executeJavaScript("return JSON.parse(JSON.parse(localStorage.getItem('persist:og')).checkout).paymentResponse.order_number;", null): Execute JavaScript 'return JSON.parse(JSON.parse(localStorage.getItem('persist:og')).checkout).paymentResponse.order_number;' successfully

2023-05-16 12:51:25 - [MESSAGE][PASSED] - Execute JavaScript 'return JSON.parse(JSON.parse(localStorage.getItem('persist:og')).checkout).paymentResponse.order_number;' successfully

2023-05-16 12:51:25 - [TEST_STEP][PASSED] - orderNumberFP = Integer.parseInt(orderScriptFP): null

2023-05-16 12:51:25 - [TEST_STEP][PASSED] - println("Order Number Finish-Payment: " + orderNumberFP): null

2023-05-16 12:51:25 - [TEST_STEP][PASSED] - verifyElementVisible(findTestObject("Header/iconUserProfile")): Object 'Object Repository/Header/iconUserProfile' is visible

2023-05-16 12:51:26 - [MESSAGE][PASSED] - Object 'Object Repository/Header/iconUserProfile' is visible

2023-05-16 12:51:26 - [TEST_STEP][PASSED] - verifyElementVisible(findTestObject("FinishPaymentPage/h1Congratulations")): Object 'Object Repository/FinishPaymentPage/h1Congratulations' is visible

2023-05-16 12:51:26 - [MESSAGE][PASSED] - Object 'Object Repository/FinishPaymentPage/h1Congratulations' is visible

2023-05-16 12:51:26 - [TEST_STEP][PASSED] - click(findTestObject("Object Repository/FinishPaymentPage/buttonYourOrders")): Object: 'Object Repository/FinishPaymentPage/buttonYourOrders' is clicked on

2023-05-16 12:51:29 - [MESSAGE][PASSED] - Object: 'Object Repository/FinishPaymentPage/buttonYourOrders' is clicked on

2023-05-16 12:51:29 - [TEST_STEP][PASSED] - delay(5): Delayed 5 second(s)

2023-05-16 12:51:34 - [MESSAGE][PASSED] - Delayed 5 second(s)

2023-05-16 12:51:34 - [TEST_STEP][PASSED] - orderScriptBO = executeJavaScript("return JSON.parse(JSON.parse(localStorage.getItem('persist:og')).orderHistory).orders.content[0].order_number;", null): Execute JavaScript 'return JSON.parse(JSON.parse(localStorage.getItem('persist:og')).orderHistory).orders.content[0].order_number;' successfully

2023-05-16 12:51:34 - [MESSAGE][PASSED] - Execute JavaScript 'return JSON.parse(JSON.parse(localStorage.getItem('persist:og')).orderHistory).orders.content[0].order_number;' successfully

2023-05-16 12:51:34 - [TEST_STEP][PASSED] - orderNumberBO = Integer.parseInt(orderScriptBO): null

2023-05-16 12:51:34 - [TEST_STEP][PASSED] - println("Order Number BO: " + orderNumberBO): null

2023-05-16 12:51:34 - [TEST_STEP][PASSED] - if (orderNumberFP == orderNumberBO): Object: 'Object Repository/BackOffice/ViewMyOrders/ahrefFirstInvoiceBO' is clicked on

2023-05-16 12:51:34 - [TEST_STEP][PASSED] - println("Order Numbers match. " + orderNumberFP + " " + " - " + " " + orderNumberBO): null

2023-05-16 12:51:34 - [TEST_STEP][PASSED] - click(findTestObject("BackOffice/ViewMyOrders/svg1ViewDetailOrder")): Object: 'Object Repository/BackOffice/ViewMyOrders/svg1ViewDetailOrder' is clicked on

2023-05-16 12:51:34 - [MESSAGE][PASSED] - Object: 'Object Repository/BackOffice/ViewMyOrders/svg1ViewDetailOrder' is clicked on

2023-05-16 12:51:34 - [TEST_STEP][PASSED] - click(findTestObject("BackOffice/ViewMyOrders/buttonGoBackDetailOrder")): Object: 'Object Repository/BackOffice/ViewMyOrders/buttonGoBackDetailOrder' is clicked on

2023-05-16 12:51:36 - [MESSAGE][PASSED] - Object: 'Object Repository/BackOffice/ViewMyOrders/buttonGoBackDetailOrder' is clicked on

2023-05-16 12:51:36 - [TEST_STEP][PASSED] - click(findTestObject("BackOffice/ViewMyOrders/ahrefFirstInvoiceBO")): Object: 'Object Repository/BackOffice/ViewMyOrders/ahrefFirstInvoiceBO' is clicked on

2023-05-16 12:51:36 - [MESSAGE][PASSED] - Object: 'Object Repository/BackOffice/ViewMyOrders/ahrefFirstInvoiceBO' is clicked on

2023-05-16 12:51:36 - [TEST_STEP][PASSED] - assert orderNumberFP == orderNumberBO: null

2023-05-16 12:51:36 - [TEST_STEP][PASSED] - click(findTestObject("BackOffice/ViewMyOrders/ahrefFirstInvoiceBO")): Object: 'Object Repository/BackOffice/ViewMyOrders/ahrefFirstInvoiceBO' is clicked on

2023-05-16 12:51:38 - [MESSAGE][PASSED] - Object: 'Object Repository/BackOffice/ViewMyOrders/ahrefFirstInvoiceBO' is clicked on

2023-05-16 12:51:38 - [TEST_STEP][PASSED] - Start listener action : terminateRunningWebDrivers: null

2023-05-16 12:51:38 - [TEST_STEP][PASSED] - cleanup(): null

2023-05-16 12:51:40 - [TEST_STEP][PASSED] - Video: Video recording for test case 'Test Cases/II Test Case (View My Orders)' .

2023-05-16 12:51:40 - [MESSAGE][INFO] - Video recording for test case 'Test Cases/II Test Case (View My Orders)' .]]></system-out>
         <system-err><![CDATA[]]></system-err>
      </testcase>
      <system-out><![CDATA[2023-05-16 12:49:40 - [TEST_SUITE][PASSED] - BO - Smoke Test: Test Cases/II Test Case (View My Orders)]]></system-out>
      <system-err><![CDATA[]]></system-err>
   </testsuite>
</testsuites>
