<?xml version="1.0" encoding="UTF-8"?>
<testsuites name="BO - Smoke Test" time="131.286" tests="1" failures="0" errors="0">
   <testsuite name="BO - Smoke Test" tests="1" failures="0" errors="0" time="131.286" skipped="0" timestamp="2023-05-05 13:23:18" hostname="WIN10 - FINMX-L12" id="Test Suites/BO - Smoke Test">
      <properties>
         <property name="deviceName" value=""/>
         <property name="devicePlatform" value=""/>
         <property name="logFolder" value="C:\\Users\\WIN10\\Katalon Studio\\og-bo-testing\\Reports\\20230505_132101\\BO - Smoke Test\\20230505_132310"/>
         <property name="logFiles" value="C:\\Users\\WIN10\\Katalon Studio\\og-bo-testing\\Reports\\20230505_132101\\BO - Smoke Test\\20230505_132310\\execution0.log"/>
         <property name="attachments" value=""/>
         <property name="hostName" value="WIN10 - FINMX-L12"/>
         <property name="os" value="Windows 10 64bit"/>
         <property name="katalonVersion" value="8.5.5.208"/>
         <property name="browser" value="Chrome 112.0.0.0"/>
         <property name="hostAddress" value="192.168.0.32"/>
         <property name="sessionId" value="c612bee851663e658eb3b5f063109711"/>
         <property name="seleniumVersion" value="3.141.59"/>
         <property name="proxyInformation" value="ProxyInformation { proxyOption=NO_PROXY, proxyServerType=HTTP, username=, password=********, proxyServerAddress=, proxyServerPort=0, executionList=&quot;&quot;, isApplyToDesiredCapabilities=true }"/>
         <property name="platform" value="Windows 10"/>
      </properties>
      <testcase name="Test Cases/V Test Case (Autoship)" time="130.954" classname="Test Cases/V Test Case (Autoship)" status="PASSED">
         <system-out><![CDATA[2023-05-05 13:23:18 - [TEST_CASE][PASSED] - Test Cases/V Test Case (Autoship): Test Cases/V Test Case (Autoship)

2023-05-05 13:23:18 - [TEST_STEP][PASSED] - openBrowser(""): Browser is opened with url: ''

2023-05-05 13:23:19 - [MESSAGE][INFO] - Starting 'Chrome' driver

2023-05-05 13:23:19 - [MESSAGE][INFO] - Action delay is set to 300 milliseconds

2023-05-05 13:23:21 - [MESSAGE][PASSED] - Browser is opened with url: ''

2023-05-05 13:23:21 - [TEST_STEP][PASSED] - navigateToUrl("https://ecommerce-test.softmetrixgroup.com/"): Navigate to 'https://ecommerce-test.softmetrixgroup.com/' successfully

2023-05-05 13:23:24 - [MESSAGE][PASSED] - Navigate to 'https://ecommerce-test.softmetrixgroup.com/' successfully

2023-05-05 13:23:24 - [TEST_STEP][PASSED] - deleteAllCookies(): Delete all cookies successfully

2023-05-05 13:23:24 - [MESSAGE][PASSED] - Delete all cookies successfully

2023-05-05 13:23:24 - [TEST_STEP][PASSED] - maximizeWindow(): Current window maximized

2023-05-05 13:23:25 - [MESSAGE][PASSED] - Current window maximized

2023-05-05 13:23:25 - [TEST_STEP][PASSED] - refresh(): Refresh successfully

2023-05-05 13:23:25 - [MESSAGE][PASSED] - Refresh successfully

2023-05-05 13:23:25 - [TEST_STEP][PASSED] - delay(3): Delayed 3 second(s)

2023-05-05 13:23:28 - [MESSAGE][PASSED] - Delayed 3 second(s)

2023-05-05 13:23:28 - [TEST_STEP][PASSED] - click(findTestObject("Footer/divCountryLanguage")): Object: 'Object Repository/Footer/divCountryLanguage' is clicked on

2023-05-05 13:23:32 - [MESSAGE][PASSED] - Object: 'Object Repository/Footer/divCountryLanguage' is clicked on

2023-05-05 13:23:32 - [TEST_STEP][PASSED] - click(findTestObject("CountryLanguage/select_en-PT")): Object: 'Object Repository/CountryLanguage/select_en-PT' is clicked on

2023-05-05 13:23:33 - [MESSAGE][PASSED] - Object: 'Object Repository/CountryLanguage/select_en-PT' is clicked on

2023-05-05 13:23:33 - [TEST_STEP][PASSED] - click(findTestObject("Header/iconGuestProfile")): Object: 'Object Repository/Header/iconGuestProfile' is clicked on

2023-05-05 13:23:35 - [MESSAGE][PASSED] - Object: 'Object Repository/Header/iconGuestProfile' is clicked on

2023-05-05 13:23:35 - [TEST_STEP][PASSED] - setText(findTestObject("LoginPage/inputEmailLogin"), "smoketest@gmail.com"): Text 'smoketest@gmail.com' is set on object 'Object Repository/LoginPage/inputEmailLogin'

2023-05-05 13:23:37 - [MESSAGE][PASSED] - Text 'smoketest@gmail.com' is set on object 'Object Repository/LoginPage/inputEmailLogin'

2023-05-05 13:23:37 - [TEST_STEP][PASSED] - setText(findTestObject("LoginPage/inputPasswordLogin"), "SmokeTest123@"): Text 'SmokeTest123@' is set on object 'Object Repository/LoginPage/inputPasswordLogin'

2023-05-05 13:23:38 - [MESSAGE][PASSED] - Text 'SmokeTest123@' is set on object 'Object Repository/LoginPage/inputPasswordLogin'

2023-05-05 13:23:38 - [TEST_STEP][PASSED] - click(findTestObject("LoginPage/svgShowPasswordLogin")): Object: 'Object Repository/LoginPage/svgShowPasswordLogin' is clicked on

2023-05-05 13:23:39 - [MESSAGE][PASSED] - Object: 'Object Repository/LoginPage/svgShowPasswordLogin' is clicked on

2023-05-05 13:23:39 - [TEST_STEP][PASSED] - click(findTestObject("LoginPage/buttonSignIn")): Object: 'Object Repository/LoginPage/buttonSignIn' is clicked on

2023-05-05 13:23:40 - [MESSAGE][PASSED] - Object: 'Object Repository/LoginPage/buttonSignIn' is clicked on

2023-05-05 13:23:40 - [TEST_STEP][PASSED] - click(findTestObject("Header/iconUserProfile")): Object: 'Object Repository/Header/iconUserProfile' is clicked on

2023-05-05 13:23:45 - [MESSAGE][PASSED] - Object: 'Object Repository/Header/iconUserProfile' is clicked on

2023-05-05 13:23:45 - [TEST_STEP][PASSED] - click(findTestObject("Header/divAccountInformationBO")): Object: 'Object Repository/Header/divAccountInformationBO' is clicked on

2023-05-05 13:23:47 - [MESSAGE][PASSED] - Object: 'Object Repository/Header/divAccountInformationBO' is clicked on

2023-05-05 13:23:47 - [TEST_STEP][PASSED] - click(findTestObject("BackOffice/divAutoshipPage")): Object: 'Object Repository/BackOffice/divAutoshipPage' is clicked on

2023-05-05 13:23:48 - [MESSAGE][PASSED] - Object: 'Object Repository/BackOffice/divAutoshipPage' is clicked on

2023-05-05 13:23:48 - [TEST_STEP][PASSED] - delay(3): Delayed 3 second(s)

2023-05-05 13:23:51 - [MESSAGE][PASSED] - Delayed 3 second(s)

2023-05-05 13:23:51 - [TEST_STEP][PASSED] - click(findTestObject("BackOffice/Autoship/buttonNewAutoship")): Object: 'Object Repository/BackOffice/Autoship/buttonNewAutoship' is clicked on

2023-05-05 13:23:52 - [MESSAGE][PASSED] - Object: 'Object Repository/BackOffice/Autoship/buttonNewAutoship' is clicked on

2023-05-05 13:23:52 - [TEST_STEP][PASSED] - click(findTestObject("BackOffice/Autoship/buttonFirstAddProduct")): Object: 'Object Repository/BackOffice/Autoship/buttonFirstAddProduct' is clicked on

2023-05-05 13:24:07 - [MESSAGE][PASSED] - Object: 'Object Repository/BackOffice/Autoship/buttonFirstAddProduct' is clicked on

2023-05-05 13:24:07 - [TEST_STEP][PASSED] - click(findTestObject("BackOffice/Autoship/divHeaderAutoshipBag")): Object: 'Object Repository/BackOffice/Autoship/divHeaderAutoshipBag' is clicked on

2023-05-05 13:24:09 - [MESSAGE][PASSED] - Object: 'Object Repository/BackOffice/Autoship/divHeaderAutoshipBag' is clicked on

2023-05-05 13:24:09 - [TEST_STEP][PASSED] - click(findTestObject("BackOffice/Autoship/buttonUpQuantity")): Object: 'Object Repository/BackOffice/Autoship/buttonUpQuantity' is clicked on

2023-05-05 13:24:10 - [MESSAGE][PASSED] - Object: 'Object Repository/BackOffice/Autoship/buttonUpQuantity' is clicked on

2023-05-05 13:24:10 - [TEST_STEP][PASSED] - click(findTestObject("BackOffice/Autoship/buttonContinue")): Object: 'Object Repository/BackOffice/Autoship/buttonContinue' is clicked on

2023-05-05 13:24:15 - [MESSAGE][PASSED] - Object: 'Object Repository/BackOffice/Autoship/buttonContinue' is clicked on

2023-05-05 13:24:15 - [TEST_STEP][PASSED] - click(findTestObject("BackOffice/Autoship/buttonSelectTodayDate")): Object: 'Object Repository/BackOffice/Autoship/buttonSelectTodayDate' is clicked on

2023-05-05 13:24:18 - [MESSAGE][PASSED] - Object: 'Object Repository/BackOffice/Autoship/buttonSelectTodayDate' is clicked on

2023-05-05 13:24:18 - [TEST_STEP][PASSED] - click(findTestObject("BackOffice/Autoship/buttonContinue")): Object: 'Object Repository/BackOffice/Autoship/buttonContinue' is clicked on

2023-05-05 13:24:21 - [MESSAGE][PASSED] - Object: 'Object Repository/BackOffice/Autoship/buttonContinue' is clicked on

2023-05-05 13:24:21 - [TEST_STEP][PASSED] - click(findTestObject("BackOffice/Autoship/buttonCheckFirstShippingAddress")): Object: 'Object Repository/BackOffice/Autoship/buttonCheckFirstShippingAddress' is clicked on

2023-05-05 13:24:22 - [MESSAGE][PASSED] - Object: 'Object Repository/BackOffice/Autoship/buttonCheckFirstShippingAddress' is clicked on

2023-05-05 13:24:22 - [TEST_STEP][PASSED] - click(findTestObject("BackOffice/Autoship/buttonContinue")): Object: 'Object Repository/BackOffice/Autoship/buttonContinue' is clicked on

2023-05-05 13:24:25 - [MESSAGE][PASSED] - Object: 'Object Repository/BackOffice/Autoship/buttonContinue' is clicked on

2023-05-05 13:24:25 - [TEST_STEP][PASSED] - click(findTestObject("BackOffice/Autoship/buttonCheckFirstPaymentMethod")): Object: 'Object Repository/BackOffice/Autoship/buttonCheckFirstPaymentMethod' is clicked on

2023-05-05 13:24:26 - [MESSAGE][PASSED] - Object: 'Object Repository/BackOffice/Autoship/buttonCheckFirstPaymentMethod' is clicked on

2023-05-05 13:24:26 - [TEST_STEP][PASSED] - delay(2): Delayed 2 second(s)

2023-05-05 13:24:28 - [MESSAGE][PASSED] - Delayed 2 second(s)

2023-05-05 13:24:28 - [TEST_STEP][PASSED] - click(findTestObject("BackOffice/Autoship/inputCVV")): Object: 'Object Repository/BackOffice/Autoship/inputCVV' is clicked on

2023-05-05 13:24:29 - [MESSAGE][PASSED] - Object: 'Object Repository/BackOffice/Autoship/inputCVV' is clicked on

2023-05-05 13:24:29 - [TEST_STEP][PASSED] - delay(2): Delayed 2 second(s)

2023-05-05 13:24:31 - [MESSAGE][PASSED] - Delayed 2 second(s)

2023-05-05 13:24:31 - [TEST_STEP][PASSED] - setText(findTestObject("BackOffice/Autoship/inputCVV"), "333"): Text '333' is set on object 'Object Repository/BackOffice/Autoship/inputCVV'

2023-05-05 13:24:32 - [MESSAGE][PASSED] - Text '333' is set on object 'Object Repository/BackOffice/Autoship/inputCVV'

2023-05-05 13:24:32 - [TEST_STEP][PASSED] - click(findTestObject("BackOffice/Autoship/buttonConfirmCvv")): Object: 'Object Repository/BackOffice/Autoship/buttonConfirmCvv' is clicked on

2023-05-05 13:24:33 - [MESSAGE][PASSED] - Object: 'Object Repository/BackOffice/Autoship/buttonConfirmCvv' is clicked on

2023-05-05 13:24:33 - [TEST_STEP][PASSED] - click(findTestObject("BackOffice/Autoship/buttonUpQuantity")): Object: 'Object Repository/BackOffice/Autoship/buttonUpQuantity' is clicked on

2023-05-05 13:24:36 - [MESSAGE][PASSED] - Object: 'Object Repository/BackOffice/Autoship/buttonUpQuantity' is clicked on

2023-05-05 13:24:36 - [TEST_STEP][PASSED] - click(findTestObject("BackOffice/Autoship/buttonSaveAutoship")): Object: 'Object Repository/BackOffice/Autoship/buttonSaveAutoship' is clicked on

2023-05-05 13:24:41 - [MESSAGE][PASSED] - Object: 'Object Repository/BackOffice/Autoship/buttonSaveAutoship' is clicked on

2023-05-05 13:24:41 - [TEST_STEP][PASSED] - click(findTestObject("BackOffice/Autoship/buttonFirstEditAutoship")): Object: 'Object Repository/BackOffice/Autoship/buttonFirstEditAutoship' is clicked on

2023-05-05 13:24:57 - [MESSAGE][PASSED] - Object: 'Object Repository/BackOffice/Autoship/buttonFirstEditAutoship' is clicked on

2023-05-05 13:24:57 - [TEST_STEP][PASSED] - click(findTestObject("BackOffice/Autoship/buttonUpQuantity")): Object: 'Object Repository/BackOffice/Autoship/buttonUpQuantity' is clicked on

2023-05-05 13:25:00 - [MESSAGE][PASSED] - Object: 'Object Repository/BackOffice/Autoship/buttonUpQuantity' is clicked on

2023-05-05 13:25:00 - [TEST_STEP][PASSED] - click(findTestObject("BackOffice/Autoship/buttonSaveAutoship")): Object: 'Object Repository/BackOffice/Autoship/buttonSaveAutoship' is clicked on

2023-05-05 13:25:03 - [MESSAGE][PASSED] - Object: 'Object Repository/BackOffice/Autoship/buttonSaveAutoship' is clicked on

2023-05-05 13:25:03 - [TEST_STEP][PASSED] - delay(2): Delayed 2 second(s)

2023-05-05 13:25:05 - [MESSAGE][PASSED] - Delayed 2 second(s)

2023-05-05 13:25:05 - [TEST_STEP][PASSED] - click(findTestObject("BackOffice/Autoship/inputCVV")): Object: 'Object Repository/BackOffice/Autoship/inputCVV' is clicked on

2023-05-05 13:25:06 - [MESSAGE][PASSED] - Object: 'Object Repository/BackOffice/Autoship/inputCVV' is clicked on

2023-05-05 13:25:06 - [TEST_STEP][PASSED] - delay(2): Delayed 2 second(s)

2023-05-05 13:25:08 - [MESSAGE][PASSED] - Delayed 2 second(s)

2023-05-05 13:25:08 - [TEST_STEP][PASSED] - setText(findTestObject("BackOffice/Autoship/inputCVV"), "333"): Text '333' is set on object 'Object Repository/BackOffice/Autoship/inputCVV'

2023-05-05 13:25:09 - [MESSAGE][PASSED] - Text '333' is set on object 'Object Repository/BackOffice/Autoship/inputCVV'

2023-05-05 13:25:09 - [TEST_STEP][PASSED] - click(findTestObject("BackOffice/Autoship/buttonConfirmCvv")): Object: 'Object Repository/BackOffice/Autoship/buttonConfirmCvv' is clicked on

2023-05-05 13:25:10 - [MESSAGE][PASSED] - Object: 'Object Repository/BackOffice/Autoship/buttonConfirmCvv' is clicked on

2023-05-05 13:25:10 - [TEST_STEP][PASSED] - click(findTestObject("BackOffice/Autoship/buttonFirstEditAutoship")): Object: 'Object Repository/BackOffice/Autoship/buttonFirstEditAutoship' is clicked on

2023-05-05 13:25:13 - [MESSAGE][PASSED] - Object: 'Object Repository/BackOffice/Autoship/buttonFirstEditAutoship' is clicked on

2023-05-05 13:25:13 - [TEST_STEP][PASSED] - click(findTestObject("BackOffice/Autoship/buttonSwitchAutoship")): Object: 'Object Repository/BackOffice/Autoship/buttonSwitchAutoship' is clicked on

2023-05-05 13:25:15 - [MESSAGE][PASSED] - Object: 'Object Repository/BackOffice/Autoship/buttonSwitchAutoship' is clicked on

2023-05-05 13:25:15 - [TEST_STEP][PASSED] - click(findTestObject("BackOffice/Autoship/buttonSaveAutoship")): Object: 'Object Repository/BackOffice/Autoship/buttonSaveAutoship' is clicked on

2023-05-05 13:25:19 - [MESSAGE][PASSED] - Object: 'Object Repository/BackOffice/Autoship/buttonSaveAutoship' is clicked on

2023-05-05 13:25:19 - [TEST_STEP][PASSED] - click(findTestObject("BackOffice/Autoship/buttonFirstRemoveAutoship")): Object: 'Object Repository/BackOffice/Autoship/buttonFirstRemoveAutoship' is clicked on

2023-05-05 13:25:22 - [MESSAGE][PASSED] - Object: 'Object Repository/BackOffice/Autoship/buttonFirstRemoveAutoship' is clicked on

2023-05-05 13:25:22 - [TEST_STEP][PASSED] - delay(4): Delayed 4 second(s)

2023-05-05 13:25:26 - [MESSAGE][PASSED] - Delayed 4 second(s)

2023-05-05 13:25:26 - [TEST_STEP][PASSED] - Start listener action : terminateRunningWebDrivers: null

2023-05-05 13:25:26 - [TEST_STEP][PASSED] - cleanup(): null

2023-05-05 13:25:29 - [TEST_STEP][PASSED] - Video: Video recording for test case 'Test Cases/V Test Case (Autoship)' .

2023-05-05 13:25:29 - [MESSAGE][INFO] - Video recording for test case 'Test Cases/V Test Case (Autoship)' .]]></system-out>
         <system-err><![CDATA[]]></system-err>
      </testcase>
      <system-out><![CDATA[2023-05-05 13:23:18 - [TEST_SUITE][PASSED] - BO - Smoke Test: Test Cases/V Test Case (Autoship)]]></system-out>
      <system-err><![CDATA[]]></system-err>
   </testsuite>
</testsuites>
