<?xml version="1.0" encoding="UTF-8"?>
<testsuites name="BO - Smoke Test" time="52.118" tests="1" failures="0" errors="0">
   <testsuite name="BO - Smoke Test" tests="1" failures="0" errors="0" time="52.118" skipped="0" timestamp="2023-05-12 16:02:16" hostname="WIN10 - FINMX-L12" id="Test Suites/BO - Smoke Test">
      <properties>
         <property name="deviceName" value=""/>
         <property name="devicePlatform" value=""/>
         <property name="logFolder" value="C:\\Users\\WIN10\\Katalon Studio\\og-bo-testing\\Reports\\20230512_155133\\BO - Smoke Test\\20230512_160208"/>
         <property name="logFiles" value="C:\\Users\\WIN10\\Katalon Studio\\og-bo-testing\\Reports\\20230512_155133\\BO - Smoke Test\\20230512_160208\\execution0.log"/>
         <property name="attachments" value=""/>
         <property name="hostName" value="WIN10 - FINMX-L12"/>
         <property name="os" value="Windows 10 64bit"/>
         <property name="katalonVersion" value="8.5.5.208"/>
         <property name="browser" value="Chrome 113.0.0.0"/>
         <property name="hostAddress" value="192.168.0.32"/>
         <property name="sessionId" value="ec9cd6e1ae40647de45c869da2bb9b58"/>
         <property name="seleniumVersion" value="3.141.59"/>
         <property name="proxyInformation" value="ProxyInformation { proxyOption=NO_PROXY, proxyServerType=HTTP, username=, password=********, proxyServerAddress=, proxyServerPort=0, executionList=&quot;&quot;, isApplyToDesiredCapabilities=true }"/>
         <property name="platform" value="Windows 10"/>
      </properties>
      <testcase name="Test Cases/IV Test Case (Privacy Communication)" time="51.721" classname="Test Cases/IV Test Case (Privacy Communication)" status="PASSED">
         <system-out><![CDATA[2023-05-12 16:02:16 - [TEST_CASE][PASSED] - Test Cases/IV Test Case (Privacy Communication): Test Cases/IV Test Case (Privacy Communication)

2023-05-12 16:02:17 - [TEST_STEP][PASSED] - openBrowser(""): Browser is opened with url: ''

2023-05-12 16:02:17 - [MESSAGE][INFO] - Starting 'Chrome' driver

2023-05-12 16:02:17 - [MESSAGE][INFO] - Action delay is set to 100 milliseconds

2023-05-12 16:02:19 - [MESSAGE][PASSED] - Browser is opened with url: ''

2023-05-12 16:02:19 - [TEST_STEP][PASSED] - navigateToUrl("https://ecommerce-test.softmetrixgroup.com/"): Navigate to 'https://ecommerce-test.softmetrixgroup.com/' successfully

2023-05-12 16:02:22 - [MESSAGE][PASSED] - Navigate to 'https://ecommerce-test.softmetrixgroup.com/' successfully

2023-05-12 16:02:22 - [TEST_STEP][PASSED] - deleteAllCookies(): Delete all cookies successfully

2023-05-12 16:02:22 - [MESSAGE][PASSED] - Delete all cookies successfully

2023-05-12 16:02:22 - [TEST_STEP][PASSED] - maximizeWindow(): Current window maximized

2023-05-12 16:02:22 - [MESSAGE][PASSED] - Current window maximized

2023-05-12 16:02:22 - [TEST_STEP][PASSED] - refresh(): Refresh successfully

2023-05-12 16:02:22 - [MESSAGE][PASSED] - Refresh successfully

2023-05-12 16:02:22 - [TEST_STEP][PASSED] - delay(3): Delayed 3 second(s)

2023-05-12 16:02:25 - [MESSAGE][PASSED] - Delayed 3 second(s)

2023-05-12 16:02:25 - [TEST_STEP][PASSED] - click(findTestObject("Footer/divCountryLanguage")): Object: 'Object Repository/Footer/divCountryLanguage' is clicked on

2023-05-12 16:02:31 - [MESSAGE][PASSED] - Object: 'Object Repository/Footer/divCountryLanguage' is clicked on

2023-05-12 16:02:31 - [TEST_STEP][PASSED] - click(findTestObject("CountryLanguage/select_en-PT")): Object: 'Object Repository/CountryLanguage/select_en-PT' is clicked on

2023-05-12 16:02:32 - [MESSAGE][PASSED] - Object: 'Object Repository/CountryLanguage/select_en-PT' is clicked on

2023-05-12 16:02:32 - [TEST_STEP][PASSED] - click(findTestObject("Header/iconGuestProfile")): Object: 'Object Repository/Header/iconGuestProfile' is clicked on

2023-05-12 16:02:33 - [MESSAGE][PASSED] - Object: 'Object Repository/Header/iconGuestProfile' is clicked on

2023-05-12 16:02:33 - [TEST_STEP][PASSED] - setText(findTestObject("LoginPage/inputEmailLogin"), "smoketest@gmail.com"): Text 'smoketest@gmail.com' is set on object 'Object Repository/LoginPage/inputEmailLogin'

2023-05-12 16:02:35 - [MESSAGE][PASSED] - Text 'smoketest@gmail.com' is set on object 'Object Repository/LoginPage/inputEmailLogin'

2023-05-12 16:02:35 - [TEST_STEP][PASSED] - setText(findTestObject("LoginPage/inputPasswordLogin"), "SmokeTest123@"): Text 'SmokeTest123@' is set on object 'Object Repository/LoginPage/inputPasswordLogin'

2023-05-12 16:02:37 - [MESSAGE][PASSED] - Text 'SmokeTest123@' is set on object 'Object Repository/LoginPage/inputPasswordLogin'

2023-05-12 16:02:37 - [TEST_STEP][PASSED] - click(findTestObject("LoginPage/svgShowPasswordLogin")): Object: 'Object Repository/LoginPage/svgShowPasswordLogin' is clicked on

2023-05-12 16:02:37 - [MESSAGE][PASSED] - Object: 'Object Repository/LoginPage/svgShowPasswordLogin' is clicked on

2023-05-12 16:02:37 - [TEST_STEP][PASSED] - click(findTestObject("LoginPage/buttonSignIn")): Object: 'Object Repository/LoginPage/buttonSignIn' is clicked on

2023-05-12 16:02:38 - [MESSAGE][PASSED] - Object: 'Object Repository/LoginPage/buttonSignIn' is clicked on

2023-05-12 16:02:38 - [TEST_STEP][PASSED] - click(findTestObject("Header/iconUserProfile")): Object: 'Object Repository/Header/iconUserProfile' is clicked on

2023-05-12 16:02:43 - [MESSAGE][PASSED] - Object: 'Object Repository/Header/iconUserProfile' is clicked on

2023-05-12 16:02:43 - [TEST_STEP][PASSED] - click(findTestObject("Header/divAccountInformationBO")): Object: 'Object Repository/Header/divAccountInformationBO' is clicked on

2023-05-12 16:02:45 - [MESSAGE][PASSED] - Object: 'Object Repository/Header/divAccountInformationBO' is clicked on

2023-05-12 16:02:45 - [TEST_STEP][PASSED] - click(findTestObject("BackOffice/divPrivacyCommunicationPage")): Object: 'Object Repository/BackOffice/divPrivacyCommunicationPage' is clicked on

2023-05-12 16:02:46 - [MESSAGE][PASSED] - Object: 'Object Repository/BackOffice/divPrivacyCommunicationPage' is clicked on

2023-05-12 16:02:46 - [TEST_STEP][PASSED] - click(findTestObject("BackOffice/PrivacyAndCommunication/buttonUpdate")): Object: 'Object Repository/BackOffice/PrivacyAndCommunication/buttonUpdate' is clicked on

2023-05-12 16:02:48 - [MESSAGE][PASSED] - Object: 'Object Repository/BackOffice/PrivacyAndCommunication/buttonUpdate' is clicked on

2023-05-12 16:02:48 - [TEST_STEP][PASSED] - click(findTestObject("BackOffice/PrivacyAndCommunication/divLanguageDropdown")): Object: 'Object Repository/BackOffice/PrivacyAndCommunication/divLanguageDropdown' is clicked on

2023-05-12 16:02:49 - [MESSAGE][PASSED] - Object: 'Object Repository/BackOffice/PrivacyAndCommunication/divLanguageDropdown' is clicked on

2023-05-12 16:02:49 - [TEST_STEP][PASSED] - click(findTestObject("BackOffice/PrivacyAndCommunication/divFirstLanguageSelect")): Object: 'Object Repository/BackOffice/PrivacyAndCommunication/divFirstLanguageSelect' is clicked on

2023-05-12 16:02:49 - [MESSAGE][PASSED] - Object: 'Object Repository/BackOffice/PrivacyAndCommunication/divFirstLanguageSelect' is clicked on

2023-05-12 16:02:49 - [TEST_STEP][PASSED] - click(findTestObject("BackOffice/PrivacyAndCommunication/divTimeZoneDropdown")): Object: 'Object Repository/BackOffice/PrivacyAndCommunication/divTimeZoneDropdown' is clicked on

2023-05-12 16:02:50 - [MESSAGE][PASSED] - Object: 'Object Repository/BackOffice/PrivacyAndCommunication/divTimeZoneDropdown' is clicked on

2023-05-12 16:02:50 - [TEST_STEP][PASSED] - click(findTestObject("BackOffice/PrivacyAndCommunication/div2SelectTimeZone")): Object: 'Object Repository/BackOffice/PrivacyAndCommunication/div2SelectTimeZone' is clicked on

2023-05-12 16:02:53 - [MESSAGE][PASSED] - Object: 'Object Repository/BackOffice/PrivacyAndCommunication/div2SelectTimeZone' is clicked on

2023-05-12 16:02:53 - [TEST_STEP][PASSED] - click(findTestObject("BackOffice/PrivacyAndCommunication/buttonSwitch1")): Object: 'Object Repository/BackOffice/PrivacyAndCommunication/buttonSwitch1' is clicked on

2023-05-12 16:02:56 - [MESSAGE][PASSED] - Object: 'Object Repository/BackOffice/PrivacyAndCommunication/buttonSwitch1' is clicked on

2023-05-12 16:02:56 - [TEST_STEP][PASSED] - click(findTestObject("BackOffice/PrivacyAndCommunication/buttonSwitch2")): Object: 'Object Repository/BackOffice/PrivacyAndCommunication/buttonSwitch2' is clicked on

2023-05-12 16:02:59 - [MESSAGE][PASSED] - Object: 'Object Repository/BackOffice/PrivacyAndCommunication/buttonSwitch2' is clicked on

2023-05-12 16:02:59 - [TEST_STEP][PASSED] - click(findTestObject("BackOffice/PrivacyAndCommunication/buttonSaveChanges")): Object: 'Object Repository/BackOffice/PrivacyAndCommunication/buttonSaveChanges' is clicked on

2023-05-12 16:03:02 - [MESSAGE][PASSED] - Object: 'Object Repository/BackOffice/PrivacyAndCommunication/buttonSaveChanges' is clicked on

2023-05-12 16:03:02 - [TEST_STEP][PASSED] - verifyElementVisible(findTestObject("BackOffice/PrivacyAndCommunication/assertLanguageEnglish")): Object 'Object Repository/BackOffice/PrivacyAndCommunication/assertLanguageEnglish' is visible

2023-05-12 16:03:05 - [MESSAGE][PASSED] - Object 'Object Repository/BackOffice/PrivacyAndCommunication/assertLanguageEnglish' is visible

2023-05-12 16:03:05 - [TEST_STEP][PASSED] - verifyElementVisible(findTestObject("BackOffice/PrivacyAndCommunication/assertTimeZoneTitle")): Object 'Object Repository/BackOffice/PrivacyAndCommunication/assertTimeZoneTitle' is visible

2023-05-12 16:03:05 - [MESSAGE][PASSED] - Object 'Object Repository/BackOffice/PrivacyAndCommunication/assertTimeZoneTitle' is visible

2023-05-12 16:03:05 - [TEST_STEP][PASSED] - Start listener action : terminateRunningWebDrivers: null

2023-05-12 16:03:05 - [TEST_STEP][PASSED] - cleanup(): null

2023-05-12 16:03:08 - [TEST_STEP][PASSED] - Video: Video recording for test case 'Test Cases/IV Test Case (Privacy Communication)' .

2023-05-12 16:03:08 - [MESSAGE][INFO] - Video recording for test case 'Test Cases/IV Test Case (Privacy Communication)' .]]></system-out>
         <system-err><![CDATA[]]></system-err>
      </testcase>
      <system-out><![CDATA[2023-05-12 16:02:16 - [TEST_SUITE][PASSED] - BO - Smoke Test: Test Cases/IV Test Case (Privacy Communication)]]></system-out>
      <system-err><![CDATA[]]></system-err>
   </testsuite>
</testsuites>
